<?xml version="1.0" encoding="UTF-8"?>
<coverage generated="1786454874990" clover="3.2.0">
  <project timestamp="1786454874991" name="All files">
    <metrics statements="61" coveredstatements="50" conditionals="62" coveredconditionals="33" methods="23" coveredmethods="19" elements="146" coveredelements="102" complexity="0" loc="61" ncloc="61" packages="1" files="10" classes="10"/>
    <file name="AnalyticsCards.jsx" path="C:\Users\DELL\frontend-ai-capstone\week3-expense-tracker\src\components\AnalyticsCards.jsx">
      <metrics statements="12" coveredstatements="9" conditionals="8" coveredconditionals="3" methods="5" coveredmethods="3"/>
      <line num="2" count="1" type="cond" truecount="1" falsecount="1"/>
      <line num="3" count="0" type="stmt"/>
      <line num="7" count="1" type="stmt"/>
      <line num="8" count="0" type="cond" truecount="0" falsecount="2"/>
      <line num="13" count="1" type="stmt"/>
      <line num="17" count="1" type="stmt"/>
      <line num="20" count="1" type="stmt"/>
      <line num="22" count="1" type="stmt"/>
      <line num="23" count="1" type="stmt"/>
      <line num="28" count="1" type="stmt"/>
      <line num="29" count="0" type="cond" truecount="0" falsecount="2"/>
      <line num="32" count="1" type="stmt"/>
    </file>
    <file name="BudgetProgress.jsx" path="C:\Users\DELL\frontend-ai-capstone\week3-expense-tracker\src\components\BudgetProgress.jsx">
      <metrics statements="14" coveredstatements="12" conditionals="12" coveredconditionals="10" methods="1" coveredmethods="1"/>
      <line num="3" count="2" type="cond" truecount="1" falsecount="1"/>
      <line num="7" count="2" type="stmt"/>
      <line num="8" count="2" type="stmt"/>
      <line num="10" count="2" type="cond" truecount="4" falsecount="0"/>
      <line num="11" count="1" type="stmt"/>
      <line num="12" count="1" type="stmt"/>
      <line num="15" count="2" type="cond" truecount="3" falsecount="1"/>
      <line num="16" count="0" type="stmt"/>
      <line num="17" count="0" type="stmt"/>
      <line num="20" count="2" type="cond" truecount="2" falsecount="0"/>
      <line num="21" count="1" type="stmt"/>
      <line num="22" count="1" type="stmt"/>
      <line num="25" count="2" type="stmt"/>
      <line num="27" count="2" type="stmt"/>
    </file>
    <file name="ExpenseForm.jsx" path="C:\Users\DELL\frontend-ai-capstone\week3-expense-tracker\src\components\ExpenseForm.jsx">
      <metrics statements="1" coveredstatements="1" conditionals="24" coveredconditionals="12" methods="1" coveredmethods="1"/>
      <line num="2" count="1" type="stmt"/>
    </file>
    <file name="ExpenseItem.jsx" path="C:\Users\DELL\frontend-ai-capstone\week3-expense-tracker\src\components\ExpenseItem.jsx">
      <metrics statements="3" coveredstatements="3" conditionals="0" coveredconditionals="0" methods="3" coveredmethods="3"/>
      <line num="2" count="4" type="stmt"/>
      <line num="14" count="1" type="stmt"/>
      <line num="17" count="1" type="stmt"/>
    </file>
    <file name="ExpenseList.jsx" path="C:\Users\DELL\frontend-ai-capstone\week3-expense-tracker\src\components\ExpenseList.jsx">
      <metrics statements="2" coveredstatements="2" conditionals="2" coveredconditionals="1" methods="2" coveredmethods="2"/>
      <line num="4" count="1" type="stmt"/>
      <line num="16" count="1" type="stmt"/>
    </file>
    <file name="FilterBar.jsx" path="C:\Users\DELL\frontend-ai-capstone\week3-expense-tracker\src\components\FilterBar.jsx">
      <metrics statements="2" coveredstatements="2" conditionals="0" coveredconditionals="0" methods="2" coveredmethods="2"/>
      <line num="2" count="2" type="stmt"/>
      <line num="9" count="1" type="stmt"/>
    </file>
    <file name="IncomeInput.jsx" path="C:\Users\DELL\frontend-ai-capstone\week3-expense-tracker\src\components\IncomeInput.jsx">
      <metrics statements="2" coveredstatements="1" conditionals="4" coveredconditionals="1" methods="2" coveredmethods="1"/>
      <line num="2" count="1" type="stmt"/>
      <line num="13" count="0" type="stmt"/>
    </file>
    <file name="SearchBar.jsx" path="C:\Users\DELL\frontend-ai-capstone\week3-expense-tracker\src\components\SearchBar.jsx">
      <metrics statements="2" coveredstatements="2" conditionals="0" coveredconditionals="0" methods="2" coveredmethods="2"/>
      <line num="2" count="2" type="stmt"/>
      <line num="11" count="1" type="stmt"/>
    </file>
    <file name="SmartInsights.jsx" path="C:\Users\DELL\frontend-ai-capstone\week3-expense-tracker\src\components\SmartInsights.jsx">
      <metrics statements="22" coveredstatements="17" conditionals="12" coveredconditionals="6" methods="4" coveredmethods="3"/>
      <line num="7" count="1" type="cond" truecount="1" falsecount="1"/>
      <line num="8" count="0" type="stmt"/>
      <line num="11" count="1" type="stmt"/>
      <line num="13" count="1" type="stmt"/>
      <line num="14" count="1" type="stmt"/>
      <line num="19" count="1" type="stmt"/>
      <line num="20" count="0" type="cond" truecount="0" falsecount="2"/>
      <line num="23" count="1" type="stmt"/>
      <line num="25" count="1" type="stmt"/>
      <line num="27" count="1" type="stmt"/>
      <line num="29" count="1" type="stmt"/>
      <line num="33" count="1" type="stmt"/>
      <line num="37" count="1" type="cond" truecount="1" falsecount="1"/>
      <line num="38" count="0" type="stmt"/>
      <line num="41" count="1" type="cond" truecount="1" falsecount="1"/>
      <line num="42" count="0" type="stmt"/>
      <line num="46" count="1" type="stmt"/>
      <line num="51" count="1" type="cond" truecount="1" falsecount="1"/>
      <line num="52" count="0" type="stmt"/>
      <line num="56" count="1" type="stmt"/>
      <line num="61" count="1" type="stmt"/>
      <line num="67" count="4" type="stmt"/>
    </file>
    <file name="SummaryCard.jsx" path="C:\Users\DELL\frontend-ai-capstone\week3-expense-tracker\src\components\SummaryCard.jsx">
      <metrics statements="1" coveredstatements="1" conditionals="0" coveredconditionals="0" methods="1" coveredmethods="1"/>
      <line num="7" count="1" type="stmt"/>
    </file>
  </project>
</coverage>
