{"C:\\Users\\DELL\\frontend-ai-capstone\\week3-expense-tracker\\src\\components\\AnalyticsCards.jsx": {"path":"C:\\Users\\DELL\\frontend-ai-capstone\\week3-expense-tracker\\src\\components\\AnalyticsCards.jsx","statementMap":{"0":{"start":{"line":2,"column":2},"end":{"line":4,"column":null}},"1":{"start":{"line":3,"column":4},"end":{"line":3,"column":null}},"2":{"start":{"line":7,"column":25},"end":{"line":9,"column":null}},"3":{"start":{"line":8,"column":4},"end":{"line":8,"column":null}},"4":{"start":{"line":13,"column":4},"end":{"line":14,"column":null}},"5":{"start":{"line":13,"column":38},"end":{"line":13,"column":68}},"6":{"start":{"line":17,"column":24},"end":{"line":17,"column":null}},"7":{"start":{"line":20,"column":25},"end":{"line":20,"column":null}},"8":{"start":{"line":22,"column":2},"end":{"line":26,"column":null}},"9":{"start":{"line":23,"column":4},"end":{"line":25,"column":null}},"10":{"start":{"line":28,"column":22},"end":{"line":30,"column":null}},"11":{"start":{"line":29,"column":4},"end":{"line":29,"column":null}},"12":{"start":{"line":32,"column":2},"end":{"line":60,"column":null}}},"fnMap":{"0":{"name":"AnalyticsCards","decl":{"start":{"line":1,"column":9},"end":{"line":1,"column":24}},"loc":{"start":{"line":1,"column":38},"end":{"line":62,"column":null}},"line":1},"1":{"name":"(anonymous_1)","decl":{"start":{"line":7,"column":34},"end":{"line":7,"column":42}},"loc":{"start":{"line":8,"column":4},"end":{"line":8,"column":null}},"line":8},"2":{"name":"(anonymous_2)","decl":{"start":{"line":13,"column":13},"end":{"line":13,"column":21}},"loc":{"start":{"line":13,"column":38},"end":{"line":13,"column":68}},"line":13},"3":{"name":"(anonymous_3)","decl":{"start":{"line":22,"column":11},"end":{"line":22,"column":20}},"loc":{"start":{"line":22,"column":32},"end":{"line":26,"column":3}},"line":22},"4":{"name":"(anonymous_4)","decl":{"start":{"line":28,"column":50},"end":{"line":28,"column":58}},"loc":{"start":{"line":29,"column":4},"end":{"line":29,"column":null}},"line":29}},"branchMap":{"0":{"loc":{"start":{"line":2,"column":2},"end":{"line":4,"column":null}},"type":"if","locations":[{"start":{"line":2,"column":2},"end":{"line":4,"column":null}},{"start":{},"end":{}}],"line":2},"1":{"loc":{"start":{"line":8,"column":4},"end":{"line":8,"column":null}},"type":"cond-expr","locations":[{"start":{"line":8,"column":50},"end":{"line":8,"column":60}},{"start":{"line":8,"column":60},"end":{"line":8,"column":null}}],"line":8},"2":{"loc":{"start":{"line":24,"column":7},"end":{"line":24,"column":null}},"type":"binary-expr","locations":[{"start":{"line":24,"column":7},"end":{"line":24,"column":43}},{"start":{"line":24,"column":43},"end":{"line":24,"column":null}}],"line":24},"3":{"loc":{"start":{"line":29,"column":4},"end":{"line":29,"column":null}},"type":"cond-expr","locations":[{"start":{"line":29,"column":44},"end":{"line":29,"column":48}},{"start":{"line":29,"column":48},"end":{"line":29,"column":null}}],"line":29}},"s":{"0":1,"1":0,"2":1,"3":0,"4":1,"5":1,"6":1,"7":1,"8":1,"9":1,"10":1,"11":0,"12":1},"f":{"0":1,"1":0,"2":1,"3":1,"4":0},"b":{"0":[0,1],"1":[0,0],"2":[1,1],"3":[0,0]},"meta":{"lastBranch":4,"lastFunction":5,"lastStatement":13,"seen":{"f:1:9:1:24":0,"b:2:2:4:Infinity:undefined:undefined:undefined:undefined":0,"s:2:2:4:Infinity":0,"s:3:4:3:Infinity":1,"s:7:25:9:Infinity":2,"f:7:34:7:42":1,"s:8:4:8:Infinity":3,"b:8:50:8:60:8:60:8:Infinity":1,"s:13:4:14:Infinity":4,"f:13:13:13:21":2,"s:13:38:13:68":5,"s:17:24:17:Infinity":6,"s:20:25:20:Infinity":7,"s:22:2:26:Infinity":8,"f:22:11:22:20":3,"s:23:4:25:Infinity":9,"b:24:7:24:43:24:43:24:Infinity":2,"s:28:22:30:Infinity":10,"f:28:50:28:58":4,"s:29:4:29:Infinity":11,"b:29:44:29:48:29:48:29:Infinity":3,"s:32:2:60:Infinity":12},"fnNames":{}}}
,"C:\\Users\\DELL\\frontend-ai-capstone\\week3-expense-tracker\\src\\components\\BudgetProgress.jsx": {"path":"C:\\Users\\DELL\\frontend-ai-capstone\\week3-expense-tracker\\src\\components\\BudgetProgress.jsx","statementMap":{"0":{"start":{"line":3,"column":4},"end":{"line":5,"column":null}},"1":{"start":{"line":7,"column":16},"end":{"line":7,"column":null}},"2":{"start":{"line":8,"column":14},"end":{"line":8,"column":null}},"3":{"start":{"line":10,"column":2},"end":{"line":13,"column":null}},"4":{"start":{"line":11,"column":4},"end":{"line":11,"column":null}},"5":{"start":{"line":12,"column":4},"end":{"line":12,"column":null}},"6":{"start":{"line":15,"column":2},"end":{"line":18,"column":null}},"7":{"start":{"line":16,"column":4},"end":{"line":16,"column":null}},"8":{"start":{"line":17,"column":4},"end":{"line":17,"column":null}},"9":{"start":{"line":20,"column":2},"end":{"line":23,"column":null}},"10":{"start":{"line":21,"column":4},"end":{"line":21,"column":null}},"11":{"start":{"line":22,"column":4},"end":{"line":22,"column":null}},"12":{"start":{"line":25,"column":28},"end":{"line":25,"column":null}},"13":{"start":{"line":27,"column":2},"end":{"line":53,"column":null}}},"fnMap":{"0":{"name":"BudgetProgress","decl":{"start":{"line":1,"column":9},"end":{"line":1,"column":24}},"loc":{"start":{"line":1,"column":58},"end":{"line":55,"column":null}},"line":1}},"branchMap":{"0":{"loc":{"start":{"line":3,"column":4},"end":{"line":5,"column":null}},"type":"cond-expr","locations":[{"start":{"line":4,"column":9},"end":{"line":4,"column":null}},{"start":{"line":5,"column":8},"end":{"line":5,"column":null}}],"line":3},"1":{"loc":{"start":{"line":10,"column":2},"end":{"line":13,"column":null}},"type":"if","locations":[{"start":{"line":10,"column":2},"end":{"line":13,"column":null}},{"start":{},"end":{}}],"line":10},"2":{"loc":{"start":{"line":10,"column":6},"end":{"line":10,"column":43}},"type":"binary-expr","locations":[{"start":{"line":10,"column":6},"end":{"line":10,"column":26}},{"start":{"line":10,"column":26},"end":{"line":10,"column":43}}],"line":10},"3":{"loc":{"start":{"line":15,"column":2},"end":{"line":18,"column":null}},"type":"if","locations":[{"start":{"line":15,"column":2},"end":{"line":18,"column":null}},{"start":{},"end":{}}],"line":15},"4":{"loc":{"start":{"line":15,"column":6},"end":{"line":15,"column":44}},"type":"binary-expr","locations":[{"start":{"line":15,"column":6},"end":{"line":15,"column":26}},{"start":{"line":15,"column":26},"end":{"line":15,"column":44}}],"line":15},"5":{"loc":{"start":{"line":20,"column":2},"end":{"line":23,"column":null}},"type":"if","locations":[{"start":{"line":20,"column":2},"end":{"line":23,"column":null}},{"start":{},"end":{}}],"line":20}},"s":{"0":2,"1":2,"2":2,"3":2,"4":1,"5":1,"6":2,"7":0,"8":0,"9":2,"10":1,"11":1,"12":2,"13":2},"f":{"0":2},"b":{"0":[2,0],"1":[1,1],"2":[2,2],"3":[0,2],"4":[2,1],"5":[1,1]},"meta":{"lastBranch":6,"lastFunction":1,"lastStatement":14,"seen":{"f:1:9:1:24":0,"s:3:4:5:Infinity":0,"b:4:9:4:Infinity:5:8:5:Infinity":0,"s:7:16:7:Infinity":1,"s:8:14:8:Infinity":2,"b:10:2:13:Infinity:undefined:undefined:undefined:undefined":1,"s:10:2:13:Infinity":3,"b:10:6:10:26:10:26:10:43":2,"s:11:4:11:Infinity":4,"s:12:4:12:Infinity":5,"b:15:2:18:Infinity:undefined:undefined:undefined:undefined":3,"s:15:2:18:Infinity":6,"b:15:6:15:26:15:26:15:44":4,"s:16:4:16:Infinity":7,"s:17:4:17:Infinity":8,"b:20:2:23:Infinity:undefined:undefined:undefined:undefined":5,"s:20:2:23:Infinity":9,"s:21:4:21:Infinity":10,"s:22:4:22:Infinity":11,"s:25:28:25:Infinity":12,"s:27:2:53:Infinity":13},"fnNames":{}}}
,"C:\\Users\\DELL\\frontend-ai-capstone\\week3-expense-tracker\\src\\components\\ExpenseForm.jsx": {"path":"C:\\Users\\DELL\\frontend-ai-capstone\\week3-expense-tracker\\src\\components\\ExpenseForm.jsx","statementMap":{"0":{"start":{"line":2,"column":2},"end":{"line":100,"column":null}}},"fnMap":{"0":{"name":"ExpenseForm","decl":{"start":{"line":1,"column":9},"end":{"line":1,"column":21}},"loc":{"start":{"line":1,"column":84},"end":{"line":102,"column":null}},"line":1}},"branchMap":{"0":{"loc":{"start":{"line":5,"column":13},"end":{"line":5,"column":63}},"type":"cond-expr","locations":[{"start":{"line":5,"column":25},"end":{"line":5,"column":42}},{"start":{"line":5,"column":42},"end":{"line":5,"column":63}}],"line":5},"1":{"loc":{"start":{"line":6,"column":12},"end":{"line":6,"column":91}},"type":"cond-expr","locations":[{"start":{"line":6,"column":24},"end":{"line":6,"column":54}},{"start":{"line":6,"column":54},"end":{"line":6,"column":91}}],"line":6},"2":{"loc":{"start":{"line":19,"column":28},"end":{"line":19,"column":null}},"type":"cond-expr","locations":[{"start":{"line":19,"column":49},"end":{"line":19,"column":71}},{"start":{"line":19,"column":71},"end":{"line":19,"column":null}}],"line":19},"3":{"loc":{"start":{"line":21,"column":9},"end":{"line":25,"column":null}},"type":"cond-expr","locations":[{"start":{"line":22,"column":10},"end":{"line":25,"column":null}},{"start":{"line":25,"column":12},"end":{"line":25,"column":null}}],"line":21},"4":{"loc":{"start":{"line":40,"column":28},"end":{"line":40,"column":null}},"type":"cond-expr","locations":[{"start":{"line":40,"column":44},"end":{"line":40,"column":61}},{"start":{"line":40,"column":61},"end":{"line":40,"column":null}}],"line":40},"5":{"loc":{"start":{"line":42,"column":9},"end":{"line":46,"column":null}},"type":"cond-expr","locations":[{"start":{"line":43,"column":10},"end":{"line":46,"column":null}},{"start":{"line":46,"column":12},"end":{"line":46,"column":null}}],"line":42},"6":{"loc":{"start":{"line":57,"column":28},"end":{"line":57,"column":null}},"type":"cond-expr","locations":[{"start":{"line":57,"column":46},"end":{"line":57,"column":65}},{"start":{"line":57,"column":65},"end":{"line":57,"column":null}}],"line":57},"7":{"loc":{"start":{"line":66,"column":9},"end":{"line":70,"column":null}},"type":"cond-expr","locations":[{"start":{"line":67,"column":10},"end":{"line":70,"column":null}},{"start":{"line":70,"column":12},"end":{"line":70,"column":null}}],"line":66},"8":{"loc":{"start":{"line":83,"column":28},"end":{"line":83,"column":null}},"type":"cond-expr","locations":[{"start":{"line":83,"column":42},"end":{"line":83,"column":57}},{"start":{"line":83,"column":57},"end":{"line":83,"column":null}}],"line":83},"9":{"loc":{"start":{"line":85,"column":9},"end":{"line":89,"column":null}},"type":"cond-expr","locations":[{"start":{"line":86,"column":10},"end":{"line":89,"column":null}},{"start":{"line":89,"column":12},"end":{"line":89,"column":null}}],"line":85},"10":{"loc":{"start":{"line":93,"column":31},"end":{"line":93,"column":82}},"type":"cond-expr","locations":[{"start":{"line":93,"column":43},"end":{"line":93,"column":60}},{"start":{"line":93,"column":60},"end":{"line":93,"column":82}}],"line":93},"11":{"loc":{"start":{"line":94,"column":9},"end":{"line":98,"column":null}},"type":"cond-expr","locations":[{"start":{"line":95,"column":10},"end":{"line":98,"column":null}},{"start":{"line":98,"column":12},"end":{"line":98,"column":null}}],"line":94}},"s":{"0":1},"f":{"0":1},"b":{"0":[0,1],"1":[0,1],"2":[0,1],"3":[0,1],"4":[0,1],"5":[0,1],"6":[0,1],"7":[0,1],"8":[0,1],"9":[0,1],"10":[0,1],"11":[0,1]},"meta":{"lastBranch":12,"lastFunction":1,"lastStatement":1,"seen":{"f:1:9:1:21":0,"s:2:2:100:Infinity":0,"b:5:25:5:42:5:42:5:63":0,"b:6:24:6:54:6:54:6:91":1,"b:19:49:19:71:19:71:19:Infinity":2,"b:22:10:25:Infinity:25:12:25:Infinity":3,"b:40:44:40:61:40:61:40:Infinity":4,"b:43:10:46:Infinity:46:12:46:Infinity":5,"b:57:46:57:65:57:65:57:Infinity":6,"b:67:10:70:Infinity:70:12:70:Infinity":7,"b:83:42:83:57:83:57:83:Infinity":8,"b:86:10:89:Infinity:89:12:89:Infinity":9,"b:93:43:93:60:93:60:93:82":10,"b:95:10:98:Infinity:98:12:98:Infinity":11},"fnNames":{}}}
,"C:\\Users\\DELL\\frontend-ai-capstone\\week3-expense-tracker\\src\\components\\ExpenseItem.jsx": {"path":"C:\\Users\\DELL\\frontend-ai-capstone\\week3-expense-tracker\\src\\components\\ExpenseItem.jsx","statementMap":{"0":{"start":{"line":2,"column":2},"end":{"line":22,"column":null}},"1":{"start":{"line":14,"column":68},"end":{"line":14,"column":85}},"2":{"start":{"line":17,"column":70},"end":{"line":17,"column":92}}},"fnMap":{"0":{"name":"ExpenseItem","decl":{"start":{"line":1,"column":9},"end":{"line":1,"column":21}},"loc":{"start":{"line":1,"column":52},"end":{"line":24,"column":null}},"line":1},"1":{"name":"(anonymous_1)","decl":{"start":{"line":14,"column":53},"end":{"line":14,"column":68}},"loc":{"start":{"line":14,"column":68},"end":{"line":14,"column":85}},"line":14},"2":{"name":"(anonymous_2)","decl":{"start":{"line":17,"column":55},"end":{"line":17,"column":70}},"loc":{"start":{"line":17,"column":70},"end":{"line":17,"column":92}},"line":17}},"branchMap":{},"s":{"0":4,"1":1,"2":1},"f":{"0":4,"1":1,"2":1},"b":{},"meta":{"lastBranch":0,"lastFunction":3,"lastStatement":3,"seen":{"f:1:9:1:21":0,"s:2:2:22:Infinity":0,"f:14:53:14:68":1,"s:14:68:14:85":1,"f:17:55:17:70":2,"s:17:70:17:92":2},"fnNames":{}}}
,"C:\\Users\\DELL\\frontend-ai-capstone\\week3-expense-tracker\\src\\components\\ExpenseList.jsx": {"path":"C:\\Users\\DELL\\frontend-ai-capstone\\week3-expense-tracker\\src\\components\\ExpenseList.jsx","statementMap":{"0":{"start":{"line":4,"column":2},"end":{"line":20,"column":null}},"1":{"start":{"line":16,"column":12},"end":{"line":16,"column":null}}},"fnMap":{"0":{"name":"ExpenseList","decl":{"start":{"line":3,"column":9},"end":{"line":3,"column":21}},"loc":{"start":{"line":3,"column":53},"end":{"line":22,"column":null}},"line":3},"1":{"name":"(anonymous_1)","decl":{"start":{"line":15,"column":20},"end":{"line":15,"column":25}},"loc":{"start":{"line":16,"column":12},"end":{"line":16,"column":null}},"line":16}},"branchMap":{"0":{"loc":{"start":{"line":11,"column":7},"end":{"line":20,"column":null}},"type":"cond-expr","locations":[{"start":{"line":12,"column":8},"end":{"line":14,"column":9}},{"start":{"line":14,"column":8},"end":{"line":20,"column":null}}],"line":11}},"s":{"0":1,"1":1},"f":{"0":1,"1":1},"b":{"0":[0,1]},"meta":{"lastBranch":1,"lastFunction":2,"lastStatement":2,"seen":{"f:3:9:3:21":0,"s:4:2:20:Infinity":0,"b:12:8:14:9:14:8:20:Infinity":0,"f:15:20:15:25":1,"s:16:12:16:Infinity":1},"fnNames":{}}}
,"C:\\Users\\DELL\\frontend-ai-capstone\\week3-expense-tracker\\src\\components\\FilterBar.jsx": {"path":"C:\\Users\\DELL\\frontend-ai-capstone\\week3-expense-tracker\\src\\components\\FilterBar.jsx","statementMap":{"0":{"start":{"line":2,"column":2},"end":{"line":18,"column":null}},"1":{"start":{"line":9,"column":25},"end":{"line":9,"column":null}}},"fnMap":{"0":{"name":"FilterBar","decl":{"start":{"line":1,"column":9},"end":{"line":1,"column":19}},"loc":{"start":{"line":1,"column":62},"end":{"line":20,"column":null}},"line":1},"1":{"name":"(anonymous_1)","decl":{"start":{"line":9,"column":8},"end":{"line":9,"column":19}},"loc":{"start":{"line":9,"column":25},"end":{"line":9,"column":null}},"line":9}},"branchMap":{},"s":{"0":2,"1":1},"f":{"0":2,"1":1},"b":{},"meta":{"lastBranch":0,"lastFunction":2,"lastStatement":2,"seen":{"f:1:9:1:19":0,"s:2:2:18:Infinity":0,"f:9:8:9:19":1,"s:9:25:9:Infinity":1},"fnNames":{}}}
,"C:\\Users\\DELL\\frontend-ai-capstone\\week3-expense-tracker\\src\\components\\IncomeInput.jsx": {"path":"C:\\Users\\DELL\\frontend-ai-capstone\\week3-expense-tracker\\src\\components\\IncomeInput.jsx","statementMap":{"0":{"start":{"line":2,"column":2},"end":{"line":18,"column":null}},"1":{"start":{"line":13,"column":10},"end":{"line":15,"column":null}}},"fnMap":{"0":{"name":"IncomeInput","decl":{"start":{"line":1,"column":9},"end":{"line":1,"column":21}},"loc":{"start":{"line":1,"column":58},"end":{"line":20,"column":null}},"line":1},"1":{"name":"(anonymous_1)","decl":{"start":{"line":12,"column":8},"end":{"line":12,"column":19}},"loc":{"start":{"line":13,"column":10},"end":{"line":15,"column":null}},"line":13}},"branchMap":{"0":{"loc":{"start":{"line":10,"column":15},"end":{"line":10,"column":null}},"type":"cond-expr","locations":[{"start":{"line":10,"column":37},"end":{"line":10,"column":42}},{"start":{"line":10,"column":42},"end":{"line":10,"column":null}}],"line":10},"1":{"loc":{"start":{"line":14,"column":12},"end":{"line":14,"column":null}},"type":"cond-expr","locations":[{"start":{"line":14,"column":36},"end":{"line":14,"column":40}},{"start":{"line":14,"column":40},"end":{"line":14,"column":null}}],"line":14}},"s":{"0":1,"1":0},"f":{"0":1,"1":0},"b":{"0":[1,0],"1":[0,0]},"meta":{"lastBranch":2,"lastFunction":2,"lastStatement":2,"seen":{"f:1:9:1:21":0,"s:2:2:18:Infinity":0,"b:10:37:10:42:10:42:10:Infinity":0,"f:12:8:12:19":1,"s:13:10:15:Infinity":1,"b:14:36:14:40:14:40:14:Infinity":1},"fnNames":{}}}
,"C:\\Users\\DELL\\frontend-ai-capstone\\week3-expense-tracker\\src\\components\\SearchBar.jsx": {"path":"C:\\Users\\DELL\\frontend-ai-capstone\\week3-expense-tracker\\src\\components\\SearchBar.jsx","statementMap":{"0":{"start":{"line":2,"column":2},"end":{"line":13,"column":null}},"1":{"start":{"line":11,"column":25},"end":{"line":11,"column":null}}},"fnMap":{"0":{"name":"SearchBar","decl":{"start":{"line":1,"column":9},"end":{"line":1,"column":19}},"loc":{"start":{"line":1,"column":50},"end":{"line":15,"column":null}},"line":1},"1":{"name":"(anonymous_1)","decl":{"start":{"line":11,"column":8},"end":{"line":11,"column":19}},"loc":{"start":{"line":11,"column":25},"end":{"line":11,"column":null}},"line":11}},"branchMap":{},"s":{"0":2,"1":1},"f":{"0":2,"1":1},"b":{},"meta":{"lastBranch":0,"lastFunction":2,"lastStatement":2,"seen":{"f:1:9:1:19":0,"s:2:2:13:Infinity":0,"f:11:8:11:19":1,"s:11:25:11:Infinity":1},"fnNames":{}}}
,"C:\\Users\\DELL\\frontend-ai-capstone\\week3-expense-tracker\\src\\components\\SmartInsights.jsx": {"path":"C:\\Users\\DELL\\frontend-ai-capstone\\week3-expense-tracker\\src\\components\\SmartInsights.jsx","statementMap":{"0":{"start":{"line":7,"column":2},"end":{"line":9,"column":null}},"1":{"start":{"line":8,"column":4},"end":{"line":8,"column":null}},"2":{"start":{"line":11,"column":25},"end":{"line":11,"column":null}},"3":{"start":{"line":13,"column":2},"end":{"line":17,"column":null}},"4":{"start":{"line":14,"column":4},"end":{"line":16,"column":null}},"5":{"start":{"line":19,"column":22},"end":{"line":21,"column":null}},"6":{"start":{"line":20,"column":4},"end":{"line":20,"column":null}},"7":{"start":{"line":23,"column":20},"end":{"line":23,"column":null}},"8":{"start":{"line":25,"column":8},"end":{"line":25,"column":null}},"9":{"start":{"line":27,"column":19},"end":{"line":27,"column":null}},"10":{"start":{"line":29,"column":2},"end":{"line":31,"column":null}},"11":{"start":{"line":33,"column":2},"end":{"line":35,"column":null}},"12":{"start":{"line":37,"column":2},"end":{"line":49,"column":null}},"13":{"start":{"line":38,"column":4},"end":{"line":40,"column":null}},"14":{"start":{"line":41,"column":9},"end":{"line":49,"column":null}},"15":{"start":{"line":42,"column":4},"end":{"line":44,"column":null}},"16":{"start":{"line":46,"column":4},"end":{"line":48,"column":null}},"17":{"start":{"line":51,"column":2},"end":{"line":59,"column":null}},"18":{"start":{"line":52,"column":4},"end":{"line":54,"column":null}},"19":{"start":{"line":56,"column":4},"end":{"line":58,"column":null}},"20":{"start":{"line":61,"column":2},"end":{"line":70,"column":null}},"21":{"start":{"line":67,"column":10},"end":{"line":67,"column":null}}},"fnMap":{"0":{"name":"SmartInsights","decl":{"start":{"line":1,"column":9},"end":{"line":1,"column":23}},"loc":{"start":{"line":6,"column":3},"end":{"line":72,"column":null}},"line":6},"1":{"name":"(anonymous_1)","decl":{"start":{"line":13,"column":11},"end":{"line":13,"column":20}},"loc":{"start":{"line":13,"column":32},"end":{"line":17,"column":3}},"line":13},"2":{"name":"(anonymous_2)","decl":{"start":{"line":19,"column":50},"end":{"line":19,"column":58}},"loc":{"start":{"line":20,"column":4},"end":{"line":20,"column":null}},"line":20},"3":{"name":"(anonymous_3)","decl":{"start":{"line":66,"column":18},"end":{"line":66,"column":23}},"loc":{"start":{"line":67,"column":10},"end":{"line":67,"column":null}},"line":67}},"branchMap":{"0":{"loc":{"start":{"line":7,"column":2},"end":{"line":9,"column":null}},"type":"if","locations":[{"start":{"line":7,"column":2},"end":{"line":9,"column":null}},{"start":{},"end":{}}],"line":7},"1":{"loc":{"start":{"line":15,"column":7},"end":{"line":15,"column":null}},"type":"binary-expr","locations":[{"start":{"line":15,"column":7},"end":{"line":15,"column":43}},{"start":{"line":15,"column":43},"end":{"line":15,"column":null}}],"line":15},"2":{"loc":{"start":{"line":20,"column":4},"end":{"line":20,"column":null}},"type":"cond-expr","locations":[{"start":{"line":20,"column":44},"end":{"line":20,"column":48}},{"start":{"line":20,"column":48},"end":{"line":20,"column":null}}],"line":20},"3":{"loc":{"start":{"line":37,"column":2},"end":{"line":49,"column":null}},"type":"if","locations":[{"start":{"line":37,"column":2},"end":{"line":49,"column":null}},{"start":{"line":41,"column":9},"end":{"line":49,"column":null}}],"line":37},"4":{"loc":{"start":{"line":41,"column":9},"end":{"line":49,"column":null}},"type":"if","locations":[{"start":{"line":41,"column":9},"end":{"line":49,"column":null}},{"start":{"line":45,"column":9},"end":{"line":49,"column":null}}],"line":41},"5":{"loc":{"start":{"line":51,"column":2},"end":{"line":59,"column":null}},"type":"if","locations":[{"start":{"line":51,"column":2},"end":{"line":59,"column":null}},{"start":{"line":55,"column":9},"end":{"line":59,"column":null}}],"line":51}},"s":{"0":1,"1":0,"2":1,"3":1,"4":1,"5":1,"6":0,"7":1,"8":1,"9":1,"10":1,"11":1,"12":1,"13":0,"14":1,"15":0,"16":1,"17":1,"18":0,"19":1,"20":1,"21":4},"f":{"0":1,"1":1,"2":0,"3":4},"b":{"0":[0,1],"1":[1,1],"2":[0,0],"3":[0,1],"4":[0,1],"5":[0,1]},"meta":{"lastBranch":6,"lastFunction":4,"lastStatement":22,"seen":{"f:1:9:1:23":0,"b:7:2:9:Infinity:undefined:undefined:undefined:undefined":0,"s:7:2:9:Infinity":0,"s:8:4:8:Infinity":1,"s:11:25:11:Infinity":2,"s:13:2:17:Infinity":3,"f:13:11:13:20":1,"s:14:4:16:Infinity":4,"b:15:7:15:43:15:43:15:Infinity":1,"s:19:22:21:Infinity":5,"f:19:50:19:58":2,"s:20:4:20:Infinity":6,"b:20:44:20:48:20:48:20:Infinity":2,"s:23:20:23:Infinity":7,"s:25:8:25:Infinity":8,"s:27:19:27:Infinity":9,"s:29:2:31:Infinity":10,"s:33:2:35:Infinity":11,"b:37:2:49:Infinity:41:9:49:Infinity":3,"s:37:2:49:Infinity":12,"s:38:4:40:Infinity":13,"b:41:9:49:Infinity:45:9:49:Infinity":4,"s:41:9:49:Infinity":14,"s:42:4:44:Infinity":15,"s:46:4:48:Infinity":16,"b:51:2:59:Infinity:55:9:59:Infinity":5,"s:51:2:59:Infinity":17,"s:52:4:54:Infinity":18,"s:56:4:58:Infinity":19,"s:61:2:70:Infinity":20,"f:66:18:66:23":3,"s:67:10:67:Infinity":21},"fnNames":{}}}
,"C:\\Users\\DELL\\frontend-ai-capstone\\week3-expense-tracker\\src\\components\\SummaryCard.jsx": {"path":"C:\\Users\\DELL\\frontend-ai-capstone\\week3-expense-tracker\\src\\components\\SummaryCard.jsx","statementMap":{"0":{"start":{"line":7,"column":2},"end":{"line":40,"column":null}}},"fnMap":{"0":{"name":"SummaryCard","decl":{"start":{"line":1,"column":9},"end":{"line":1,"column":21}},"loc":{"start":{"line":6,"column":3},"end":{"line":42,"column":null}},"line":6}},"branchMap":{},"s":{"0":1},"f":{"0":1},"b":{},"meta":{"lastBranch":0,"lastFunction":1,"lastStatement":1,"seen":{"f:1:9:1:21":0,"s:7:2:40:Infinity":0},"fnNames":{}}}
}
